<?xml version="1.0" encoding="UTF-8"?>
<!-- Generated by org.testng.reporters.JUnitReportReporter -->
<testsuite hostname="INBLRWIT247622" name="com.volvo.restassuredbasics.beginner.OAuthTest_EndToEnd_UsingPojo" tests="1" failures="0" timestamp="4 May 2021 18:59:24 GMT" time="6.195" errors="0">
  <testcase name="buildAccessToken" time="6.195" classname="com.volvo.restassuredbasics.beginner.OAuthTest_EndToEnd_UsingPojo"/>
</testsuite> <!-- com.volvo.restassuredbasics.beginner.OAuthTest_EndToEnd_UsingPojo -->
