<?xml version="1.0" encoding="UTF-8"?>
<!-- Generated by org.testng.reporters.JUnitReportReporter -->
<testsuite skipped="0" hostname="INBLRWIT247622" name="Utilities.DynamicJson2" tests="1" failures="0" timestamp="17 Feb 2022 19:10:03 GMT" time="4.437" errors="0">
  <testcase name="addBook" time="4.437" classname="Utilities.DynamicJson2"/>
</testsuite> <!-- Utilities.DynamicJson2 -->
