<?xml version="1.0" encoding="UTF-8"?>
<!-- Generated by org.testng.reporters.JUnitReportReporter -->
<testsuite skipped="0" hostname="INBLRWIT247622" name="Utilities.DynamicJson" tests="1" failures="0" timestamp="17 Feb 2022 18:22:34 GMT" time="5.404" errors="0">
  <testcase name="addBook" time="5.404" classname="Utilities.DynamicJson"/>
</testsuite> <!-- Utilities.DynamicJson -->
