<?xml version="1.0" encoding="UTF-8"?>
<!-- Generated by org.testng.reporters.JUnitReportReporter -->
<testsuite skipped="0" hostname="INBLRWIT247622" name="com.volvo.restassuredbasics.beginner.OAuthTest_AuthorizationCode" tests="1" failures="0" timestamp="21 Feb 2022 16:06:07 GMT" time="10.366" errors="0">
  <testcase name="buildingOAuthGrantType" time="10.366" classname="com.volvo.restassuredbasics.beginner.OAuthTest_AuthorizationCode"/>
</testsuite> <!-- com.volvo.restassuredbasics.beginner.OAuthTest_AuthorizationCode -->
