<?xml version="1.0" encoding="UTF-8"?>
<!-- Generated by org.testng.reporters.JUnitReportReporter -->
<testsuite hostname="INBLRWIT247622" name="com.volvo.restassuredbasics.beginner.EndToEnd_Pojo_SerializationTest" tests="1" failures="0" timestamp="6 May 2021 18:39:26 GMT" time="4.649" errors="0">
  <testcase name="testSerializationConcept" time="4.649" classname="com.volvo.restassuredbasics.beginner.EndToEnd_Pojo_SerializationTest"/>
</testsuite> <!-- com.volvo.restassuredbasics.beginner.EndToEnd_Pojo_SerializationTest -->
