<?xml version="1.0" encoding="UTF-8"?>
<!-- Generated by org.testng.reporters.JUnitReportReporter -->
<testsuite hostname="INBLRWIT247622" name="com.volvo.restassuredbasics.beginner.OAuthTest" tests="1" failures="0" timestamp="23 Apr 2021 22:56:52 GMT" time="5.435" errors="0">
  <testcase name="buildingOAuthGrantType" time="5.435" classname="com.volvo.restassuredbasics.beginner.OAuthTest"/>
</testsuite> <!-- com.volvo.restassuredbasics.beginner.OAuthTest -->
