<?xml version="1.0" encoding="UTF-8"?>
<!-- Generated by org.testng.reporters.JUnitReportReporter -->
<testsuite skipped="0" hostname="INBLRWIT247622" name="com.volvo.restassuredbasics.beginner.SumValidation_Excercise" tests="1" failures="0" timestamp="16 Feb 2022 14:51:08 GMT" time="2.275" errors="0">
  <testcase name="getSumOfCourses" time="2.275" classname="com.volvo.restassuredbasics.beginner.SumValidation_Excercise"/>
</testsuite> <!-- com.volvo.restassuredbasics.beginner.SumValidation_Excercise -->
