<?xml version="1.0" encoding="UTF-8"?>
<!-- Generated by org.testng.reporters.JUnitReportReporter -->
<testsuite hostname="INBLRWIT247622" name="com.volvo.restassuredbasics.beginner.SumValidation" tests="1" failures="0" timestamp="13 Apr 2021 16:58:27 GMT" time="3.386" errors="0">
  <testcase name="getSumOfCourses" time="3.386" classname="com.volvo.restassuredbasics.beginner.SumValidation"/>
</testsuite> <!-- com.volvo.restassuredbasics.beginner.SumValidation -->
