<?xml version="1.0" encoding="UTF-8"?>
<!-- Generated by org.testng.reporters.JUnitReportReporter -->
<testsuite hostname="INBLRWIT247622" name="com.volvo.restassuredbasics.beginner.SpecBuilderTest" tests="1" failures="0" timestamp="9 May 2021 15:15:59 GMT" time="4.723" errors="0">
  <testcase name="testSerializationConceptUsingSpecBuilder" time="4.723" classname="com.volvo.restassuredbasics.beginner.SpecBuilderTest"/>
</testsuite> <!-- com.volvo.restassuredbasics.beginner.SpecBuilderTest -->
