<?xml version="1.0" encoding="UTF-8"?>
<!-- Generated by org.testng.reporters.JUnitReportReporter -->
<testsuite hostname="INBLRWIT247622" name="com.volvo.restassured.utility.DynamicJson" tests="3" failures="0" timestamp="15 Apr 2021 18:13:52 GMT" time="5.597" errors="0">
  <testcase name="addBook" time="0.190" classname="com.volvo.restassured.utility.DynamicJson"/>
  <testcase name="addBook" time="5.223" classname="com.volvo.restassured.utility.DynamicJson"/>
  <testcase name="addBook" time="0.184" classname="com.volvo.restassured.utility.DynamicJson"/>
</testsuite> <!-- com.volvo.restassured.utility.DynamicJson -->
