<?xml version="1.0" encoding="UTF-8"?>
<!-- Generated by org.testng.reporters.JUnitReportReporter -->
<testsuite skipped="0" hostname="INBLRWIT247622" name="com.volvo.restassured.utility.StaticJson" tests="1" failures="0" timestamp="17 Feb 2022 21:21:05 GMT" time="4.996" errors="0">
  <testcase name="readStaticJsonFile" time="4.996" classname="com.volvo.restassured.utility.StaticJson"/>
</testsuite> <!-- com.volvo.restassured.utility.StaticJson -->
