<?xml version="1.0" encoding="UTF-8"?>
<!-- Generated by org.testng.reporters.JUnitReportReporter -->
<testsuite skipped="0" hostname="INBLRWIT247622" name="Utilities.DynamicJson3" tests="3" failures="0" timestamp="17 Feb 2022 20:48:32 GMT" time="4.722" errors="0">
  <testcase name="addMultipleBooksInLibrary" time="4.408" classname="Utilities.DynamicJson3"/>
  <testcase name="addMultipleBooksInLibrary" time="0.153" classname="Utilities.DynamicJson3"/>
  <testcase name="addMultipleBooksInLibrary" time="0.161" classname="Utilities.DynamicJson3"/>
</testsuite> <!-- Utilities.DynamicJson3 -->
