<?xml version="1.0" encoding="UTF-8"?>
<!-- Generated by org.testng.reporters.JUnitReportReporter -->
<testsuite skipped="0" hostname="INBLRWIT247622" name="restassuredbasicsAgain.beginner.StaticJson" tests="1" failures="0" timestamp="17 Feb 2022 21:26:39 GMT" time="5.405" errors="0">
  <testcase name="readStaticJsonFile" time="5.405" classname="restassuredbasicsAgain.beginner.StaticJson"/>
</testsuite> <!-- restassuredbasicsAgain.beginner.StaticJson -->
